




log_to_db.py
2014-01-01
2016-01-03 22:22:55.898000
[461998, 512446, 2668445]
6.85244501811e-05
2016-01-03 22:25:58.756000
2016-01-03 22:27:22.069000 begin clear
2016-01-03 22:29:51.087000 455994 inserted
2016-01-03 22:29:51.149000 0 updated
2016-01-03 22:29:51.151000 0 deleted
2016-01-03 22:29:51.151000 begin clear
2016-01-03 22:29:51.679000 1643 inserted
2016-01-03 22:29:51.680000 0 updated
2016-01-03 22:29:51.681000 0 deleted
2016-01-03 22:29:51.681000 begin clear
2016-01-03 22:29:53.046000 3623 inserted
2016-01-03 22:29:53.048000 0 updated
2016-01-03 22:29:53.049000 0 deleted
2016-01-03 22:29:53.049000 begin clear
2016-01-03 22:29:53.556000 738 inserted
2016-01-03 22:29:53.557000 0 updated
2016-01-03 22:29:53.557000 0 deleted
0.000508229458324
2016-01-03 22:29:53.559000
2016-01-03 22:31:37.406000 begin clear
2016-01-03 22:34:00.923000 445066 inserted
2016-01-03 22:34:00.981000 0 updated
2016-01-03 22:34:00.983000 0 deleted
2016-01-03 22:34:00.984000 begin clear
2016-01-03 22:34:03.752000 10081 inserted
2016-01-03 22:34:03.755000 0 updated
2016-01-03 22:34:03.755000 0 deleted
2016-01-03 22:34:03.756000 begin clear
2016-01-03 22:34:21.405000 56692 inserted
2016-01-03 22:34:21.420000 0 updated
2016-01-03 22:34:21.421000 0 deleted
2016-01-03 22:34:21.437000 begin clear
2016-01-03 22:34:21.822000 607 inserted
2016-01-03 22:34:21.823000 0 updated
2016-01-03 22:34:21.824000 0 deleted
0.000521680031484
2016-01-03 22:34:21.887000






log_to_db.py
2014-01-02
2016-01-03 22:35:16.658000
[284502, 469504, 2793057]
0.000103524389939
2016-01-03 22:40:05.807000
2016-01-03 23:04:19.632000 begin clear
2016-01-03 23:05:55.952000 278327 inserted
2016-01-03 23:05:55.992000 0 updated
2016-01-03 23:05:55.994000 0 deleted
2016-01-03 23:05:55.995000 begin clear
2016-01-03 23:05:56.550000 1764 inserted
2016-01-03 23:05:56.551000 0 updated
2016-01-03 23:05:56.552000 0 deleted
2016-01-03 23:05:56.552000 begin clear
2016-01-03 23:05:58.722000 3601 inserted
2016-01-03 23:05:58.724000 0 updated
2016-01-03 23:05:58.725000 0 deleted
2016-01-03 23:05:58.726000 begin clear
2016-01-03 23:05:59.487000 810 inserted
2016-01-03 23:05:59.488000 0 updated
2016-01-03 23:05:59.489000 0 deleted
0.00546107883839
2016-01-03 23:05:59.491000
2016-01-03 23:07:29.737000 begin clear
2016-01-03 23:09:31.645000 394126 inserted
2016-01-03 23:09:31.714000 0 updated
2016-01-03 23:09:31.716000 0 deleted
2016-01-03 23:09:31.717000 begin clear
2016-01-03 23:09:35.128000 11104 inserted
2016-01-03 23:09:35.131000 0 updated
2016-01-03 23:09:35.132000 0 deleted
2016-01-03 23:09:35.133000 begin clear
2016-01-03 23:09:54.575000 64120 inserted
2016-01-03 23:09:54.589000 0 updated
2016-01-03 23:09:54.590000 0 deleted
2016-01-03 23:09:54.591000 begin clear
2016-01-03 23:09:54.663000 154 inserted
2016-01-03 23:09:54.664000 0 updated
2016-01-03 23:09:54.665000 0 deleted
0.000499412482695
2016-01-03 23:09:54.672000






log_to_db.py
2014-01-03
2016-01-03 23:12:33.705000
[261399, 434956, 2591309]
9.00004634755e-05
2016-01-03 23:16:26.927000
2016-01-03 23:17:15.826000 begin clear
2016-01-03 23:18:32.365000 255304 inserted
2016-01-03 23:18:32.402000 0 updated
2016-01-03 23:18:32.403000 0 deleted
2016-01-03 23:18:32.404000 begin clear
2016-01-03 23:18:32.917000 1742 inserted
2016-01-03 23:18:32.918000 0 updated
2016-01-03 23:18:32.919000 0 deleted
2016-01-03 23:18:32.920000 begin clear
2016-01-03 23:18:34.530000 3591 inserted
2016-01-03 23:18:34.532000 0 updated
2016-01-03 23:18:34.533000 0 deleted
2016-01-03 23:18:34.534000 begin clear
2016-01-03 23:18:35.203000 762 inserted
2016-01-03 23:18:35.204000 0 updated
2016-01-03 23:18:35.205000 0 deleted
0.000490735232689
2016-01-03 23:18:35.206000
2016-01-03 23:19:56.752000 begin clear
2016-01-03 23:21:45.071000 362277 inserted
2016-01-03 23:21:45.124000 0 updated
2016-01-03 23:21:45.127000 0 deleted
2016-01-03 23:21:45.128000 begin clear
2016-01-03 23:21:48.182000 10660 inserted
2016-01-03 23:21:48.185000 0 updated
2016-01-03 23:21:48.186000 0 deleted
2016-01-03 23:21:48.187000 begin clear
2016-01-03 23:22:06.202000 61899 inserted
2016-01-03 23:22:06.217000 0 updated
2016-01-03 23:22:06.218000 0 deleted
2016-01-03 23:22:06.219000 begin clear
2016-01-03 23:22:06.280000 120 inserted
2016-01-03 23:22:06.281000 0 updated
2016-01-03 23:22:06.282000 0 deleted
0.000483970063448
2016-01-03 23:22:06.283000






log_to_db.py
2014-01-04
2016-01-03 23:24:40.550000
[241928, 406362, 2433657]
7.56377063148e-05
2016-01-03 23:27:44.629000
2016-01-03 23:28:28.520000 begin clear
2016-01-03 23:29:39.520000 235987 inserted
2016-01-03 23:29:39.555000 0 updated
2016-01-03 23:29:39.556000 0 deleted
2016-01-03 23:29:39.557000 begin clear
2016-01-03 23:29:40.080000 1703 inserted
2016-01-03 23:29:40.082000 0 updated
2016-01-03 23:29:40.083000 0 deleted
2016-01-03 23:29:40.083000 begin clear
2016-01-03 23:29:41.652000 3532 inserted
2016-01-03 23:29:41.654000 0 updated
2016-01-03 23:29:41.655000 0 deleted
2016-01-03 23:29:41.655000 begin clear
2016-01-03 23:29:42.203000 706 inserted
2016-01-03 23:29:42.204000 0 updated
2016-01-03 23:29:42.205000 0 deleted
0.000485996284385
2016-01-03 23:29:42.206000
2016-01-03 23:30:58.314000 begin clear
2016-01-03 23:32:38.659000 334990 inserted
2016-01-03 23:32:38.712000 0 updated
2016-01-03 23:32:38.714000 0 deleted
2016-01-03 23:32:38.715000 begin clear
2016-01-03 23:32:43.314000 10136 inserted
2016-01-03 23:32:43.317000 0 updated
2016-01-03 23:32:43.318000 0 deleted
2016-01-03 23:32:43.319000 begin clear
2016-01-03 23:33:01.488000 61137 inserted
2016-01-03 23:33:01.504000 0 updated
2016-01-03 23:33:01.505000 0 deleted
2016-01-03 23:33:01.506000 begin clear
2016-01-03 23:33:01.588000 99 inserted
2016-01-03 23:33:01.589000 0 updated
2016-01-03 23:33:01.590000 0 deleted
0.000489257636762
2016-01-03 23:33:01.603000






log_to_db.py
2014-01-05
2016-01-03 23:34:57.484000
[249033, 417846, 2405842]
8.69150516952e-05
2016-01-03 23:38:26.618000
2016-01-03 23:39:19.011000 begin clear
2016-01-03 23:40:58.027000 243118 inserted
2016-01-03 23:40:58.084000 0 updated
2016-01-03 23:40:58.085000 0 deleted
2016-01-03 23:40:58.106000 begin clear
2016-01-03 23:40:58.927000 1749 inserted
2016-01-03 23:40:58.930000 0 updated
2016-01-03 23:40:58.931000 0 deleted
2016-01-03 23:40:58.931000 begin clear
2016-01-03 23:41:00.909000 3443 inserted
2016-01-03 23:41:00.911000 0 updated
2016-01-03 23:41:00.912000 0 deleted
2016-01-03 23:41:00.913000 begin clear
2016-01-03 23:41:01.918000 723 inserted
2016-01-03 23:41:01.919000 0 updated
2016-01-03 23:41:01.920000 0 deleted
0.000623603481835
2016-01-03 23:41:01.935000
2016-01-03 23:42:43.759000 begin clear
2016-01-03 23:44:53.503000 346958 inserted
2016-01-03 23:44:53.561000 0 updated
2016-01-03 23:44:53.562000 0 deleted
2016-01-03 23:44:53.564000 begin clear
2016-01-03 23:44:57.008000 10228 inserted
2016-01-03 23:44:57.010000 0 updated
2016-01-03 23:44:57.076000 0 deleted
2016-01-03 23:44:57.078000 begin clear
2016-01-03 23:45:20.009000 60525 inserted
2016-01-03 23:45:20.023000 0 updated
2016-01-03 23:45:20.024000 0 deleted
2016-01-03 23:45:20.025000 begin clear
2016-01-03 23:45:20.098000 135 inserted
2016-01-03 23:45:20.099000 0 updated
2016-01-03 23:45:20.100000 0 deleted
0.000616084475551
2016-01-03 23:45:20.102000






log_to_db.py
2014-01-06
2016-01-03 23:50:37.896000
[520565, 613462, 3267306]
0.000113519332929
2016-01-03 23:56:49.238000
2016-01-03 23:59:01.140000 begin clear
2016-01-04 00:03:27.175000 513254 inserted
2016-01-04 00:03:27.521000 0 updated
2016-01-04 00:03:27.522000 0 deleted
2016-01-04 00:03:27.532000 begin clear
2016-01-04 00:03:29.901000 2013 inserted
2016-01-04 00:03:29.903000 0 updated
2016-01-04 00:03:29.904000 0 deleted
2016-01-04 00:03:29.906000 begin clear
2016-01-04 00:03:35.953000 4449 inserted
2016-01-04 00:03:35.955000 0 updated
2016-01-04 00:03:35.957000 0 deleted
2016-01-04 00:03:35.958000 begin clear
2016-01-04 00:03:40.085000 849 inserted
2016-01-04 00:03:40.086000 0 updated
2016-01-04 00:03:40.087000 0 deleted
0.000787856910771
2016-01-04 00:03:40.127000
2016-01-04 00:06:55.601000 begin clear
2016-01-04 00:09:52.440000 534091 inserted
2016-01-04 00:09:52.561000 0 updated
2016-01-04 00:09:52.564000 0 deleted
2016-01-04 00:09:52.565000 begin clear
2016-01-04 00:09:57.818000 11922 inserted
2016-01-04 00:09:57.821000 0 updated
2016-01-04 00:09:57.823000 0 deleted
2016-01-04 00:09:57.824000 begin clear
2016-01-04 00:10:21.562000 66955 inserted
2016-01-04 00:10:21.581000 0 updated
2016-01-04 00:10:21.582000 0 deleted
2016-01-04 00:10:21.583000 begin clear
2016-01-04 00:10:21.895000 494 inserted
2016-01-04 00:10:21.897000 0 updated
2016-01-04 00:10:21.898000 0 deleted
0.000608492244487
2016-01-04 00:10:21.917000

